<?xml version="1.0" encoding="UTF-8"?>
<!-- Generated by org.testng.reporters.JUnitReportReporter -->
<testsuite name="com.qmetry.qaf.automation.step.client.Scenario" tests="6" time="299.791" ignored="0" failures="0" timestamp="05 May 2020 17:55:00 GMT" skipped="0" hostname="VaidhuSanthu" errors="0">
  <testcase name="verify Test Food Receipe Title" time="11.292" classname="com.qmetry.qaf.automation.step.client.Scenario"/>
  <testcase name="Verify SAVES Button functionality" time="86.155" classname="com.qmetry.qaf.automation.step.client.Scenario"/>
  <testcase name="verify Save Recipe Action for Guest User" time="67.705" classname="com.qmetry.qaf.automation.step.client.Scenario"/>
  <testcase name="verify Invalid Search" time="25.187" classname="com.qmetry.qaf.automation.step.client.Scenario"/>
  <testcase name="verify Review Recipe Action for Guest User" time="84.736" classname="com.qmetry.qaf.automation.step.client.Scenario"/>
  <testcase name="verify Search Results" time="24.716" classname="com.qmetry.qaf.automation.step.client.Scenario"/>
</testsuite> <!-- com.qmetry.qaf.automation.step.client.Scenario -->
